<?xml version="1.0" encoding="UTF-8"?>
<testng-results ignored="0" total="4" passed="4" failed="0" skipped="0">
  <reporter-output>
  </reporter-output>
  <suite started-at="2023-06-12T12:17:04 IST" name="Default suite" finished-at="2023-06-12T12:18:09 IST" duration-ms="64747">
    <groups>
    </groups>
    <test started-at="2023-06-12T12:17:04 IST" name="Default test" finished-at="2023-06-12T12:18:09 IST" duration-ms="64747">
      <class name="testngdataprovider.practice">
        <test-method signature="fb(java.lang.String,java.lang.String)[pri:0, instance:testngdataprovider.practice@428640fa]" started-at="2023-06-12T12:17:04 IST" name="fb" data-provider="Reshu" finished-at="2023-06-12T12:17:23 IST" duration-ms="18164" status="PASS">
          <params>
            <param index="0">
              <value>
                <![CDATA[reshistic]]>
              </value>
            </param>
            <param index="1">
              <value>
                <![CDATA[Reshravi@98]]>
              </value>
            </param>
          </params>
          <reporter-output>
          </reporter-output>
        </test-method> <!-- fb -->
        <test-method signature="fb(java.lang.String,java.lang.String)[pri:0, instance:testngdataprovider.practice@428640fa]" started-at="2023-06-12T12:17:23 IST" name="fb" data-provider="Reshu" finished-at="2023-06-12T12:17:38 IST" duration-ms="15415" status="PASS">
          <params>
            <param index="0">
              <value>
                <![CDATA[reshu]]>
              </value>
            </param>
            <param index="1">
              <value>
                <![CDATA[reshu]]>
              </value>
            </param>
          </params>
          <reporter-output>
          </reporter-output>
        </test-method> <!-- fb -->
        <test-method signature="fb(java.lang.String,java.lang.String)[pri:0, instance:testngdataprovider.practice@428640fa]" started-at="2023-06-12T12:17:38 IST" name="fb" data-provider="Reshu" finished-at="2023-06-12T12:17:54 IST" duration-ms="15998" status="PASS">
          <params>
            <param index="0">
              <value>
                <![CDATA[reshistic]]>
              </value>
            </param>
            <param index="1">
              <value>
                <![CDATA[godsgif]]>
              </value>
            </param>
          </params>
          <reporter-output>
          </reporter-output>
        </test-method> <!-- fb -->
        <test-method signature="fb(java.lang.String,java.lang.String)[pri:0, instance:testngdataprovider.practice@428640fa]" started-at="2023-06-12T12:17:54 IST" name="fb" data-provider="Reshu" finished-at="2023-06-12T12:18:09 IST" duration-ms="15113" status="PASS">
          <params>
            <param index="0">
              <value>
                <![CDATA[reshu]]>
              </value>
            </param>
            <param index="1">
              <value>
                <![CDATA[Reshravi@98]]>
              </value>
            </param>
          </params>
          <reporter-output>
          </reporter-output>
        </test-method> <!-- fb -->
      </class> <!-- testngdataprovider.practice -->
    </test> <!-- Default test -->
  </suite> <!-- Default suite -->
</testng-results>
