<?xml version="1.0" encoding="UTF-8"?>
<!-- Generated by org.testng.reporters.JUnitXMLReporter -->
<testsuite ignored="0" hostname="Reshmas-MacBook-Air.local" failures="0" tests="4" name="Default test" time="64.747" errors="0" timestamp="2023-06-12T12:18:09 IST">
  <testcase classname="testngdataprovider.practice" name="fb" time="18.164"/>
  <testcase classname="testngdataprovider.practice" name="fb" time="15.415"/>
  <testcase classname="testngdataprovider.practice" name="fb" time="15.998"/>
  <testcase classname="testngdataprovider.practice" name="fb" time="15.113"/>
</testsuite> <!-- Default test -->
